app/build/intermediates/manifest_merge_blame_file/debug/manifest-merger-blame-debug-report.txt
1<?xml version="1.0" encoding="utf-8"?>
2<manifest xmlns:android="http://schemas.android.com/apk/res/android"
3    package="id.ac.umn"
4    android:versionCode="1"
5    android:versionName="1.0" >
6
7    <uses-sdk
8        android:minSdkVersion="21"
8-->src\main\AndroidManifest.xml
9        android:targetSdkVersion="29" />
9-->src\main\AndroidManifest.xml
10
11    <uses-permission android:name="android.permission.INTERNET" >
11-->src\main\AndroidManifest.xml:6:5-7:23
11-->src\main\AndroidManifest.xml:6:22-64
12    </uses-permission>
13    <uses-permission android:name="android.permission.CAMERA" >
13-->src\main\AndroidManifest.xml:8:5-10:23
13-->src\main\AndroidManifest.xml:8:22-62
14    </uses-permission>
15    <uses-permission android:name="android.permission.WRITE_EXTERNAL_STORAGE" />
15-->src\main\AndroidManifest.xml:11:5-80
15-->src\main\AndroidManifest.xml:11:22-78
16
17    <application
17-->src\main\AndroidManifest.xml:13:5-49:19
18        android:allowBackup="true"
18-->src\main\AndroidManifest.xml:14:9-35
19        android:appComponentFactory="androidx.core.app.CoreComponentFactory"
19-->[androidx.core:core:1.1.0] AndroidManifest.xml:24:18-86
20        android:debuggable="true"
21        android:icon="@mipmap/ic_launcher"
21-->src\main\AndroidManifest.xml:15:9-43
22        android:label="@string/app_name"
22-->src\main\AndroidManifest.xml:16:9-41
23        android:roundIcon="@mipmap/ic_launcher_round"
23-->src\main\AndroidManifest.xml:17:9-54
24        android:supportsRtl="true"
24-->src\main\AndroidManifest.xml:18:9-35
25        android:testOnly="true"
26        android:theme="@style/AppTheme" >
26-->src\main\AndroidManifest.xml:19:9-40
27        <activity
27-->src\main\AndroidManifest.xml:21:9-29:20
28            android:name="id.ac.umn.activity.MainActivity"
28-->src\main\AndroidManifest.xml:22:13-59
29            android:screenOrientation="portrait" >
29-->src\main\AndroidManifest.xml:23:13-49
30            <intent-filter>
30-->src\main\AndroidManifest.xml:24:13-28:29
31                <action android:name="android.intent.action.MAIN" />
31-->src\main\AndroidManifest.xml:25:17-69
31-->src\main\AndroidManifest.xml:25:25-66
32
33                <category android:name="android.intent.category.LAUNCHER" />
33-->src\main\AndroidManifest.xml:27:17-77
33-->src\main\AndroidManifest.xml:27:27-74
34            </intent-filter>
35        </activity>
36        <activity
36-->src\main\AndroidManifest.xml:30:9-34:55
37            android:name="id.ac.umn.activity.LoginActivity"
37-->src\main\AndroidManifest.xml:31:13-60
38            android:configChanges="keyboardHidden|orientation|screenSize"
38-->src\main\AndroidManifest.xml:32:13-74
39            android:screenOrientation="portrait"
39-->src\main\AndroidManifest.xml:33:13-49
40            android:windowSoftInputMode="adjustPan" />
40-->src\main\AndroidManifest.xml:34:13-52
41        <activity
41-->src\main\AndroidManifest.xml:35:9-39:55
42            android:name="id.ac.umn.activity.RegisterActivity"
42-->src\main\AndroidManifest.xml:36:13-63
43            android:configChanges="keyboardHidden|orientation|screenSize"
43-->src\main\AndroidManifest.xml:37:13-74
44            android:screenOrientation="portrait"
44-->src\main\AndroidManifest.xml:38:13-49
45            android:windowSoftInputMode="adjustPan" />
45-->src\main\AndroidManifest.xml:39:13-52
46        <activity
46-->src\main\AndroidManifest.xml:40:9-42:52
47            android:name="id.ac.umn.activity.ProfileActivity"
47-->src\main\AndroidManifest.xml:41:13-62
48            android:screenOrientation="portrait" />
48-->src\main\AndroidManifest.xml:42:13-49
49        <activity
49-->src\main\AndroidManifest.xml:43:9-45:52
50            android:name="id.ac.umn.activity.HistoryActivity"
50-->src\main\AndroidManifest.xml:44:13-62
51            android:screenOrientation="portrait" />
51-->src\main\AndroidManifest.xml:45:13-49
52        <activity
52-->src\main\AndroidManifest.xml:46:9-48:52
53            android:name="id.ac.umn.activity.CarRentActivity"
53-->src\main\AndroidManifest.xml:47:13-62
54            android:screenOrientation="portrait" />
54-->src\main\AndroidManifest.xml:48:13-49
55    </application>
56
57</manifest>